<?xml version="1.0" encoding="UTF-8"?>
<testng-results ignored="0" total="2" passed="2" failed="0" skipped="0">
  <reporter-output>
  </reporter-output>
  <suite started-at="2022-10-03T02:03:50 IST" name="Default suite" finished-at="2022-10-03T02:04:19 IST" duration-ms="28214">
    <groups>
    </groups>
    <test started-at="2022-10-03T02:03:50 IST" name="Default test" finished-at="2022-10-03T02:04:19 IST" duration-ms="28214">
      <class name="com.authentication.LoginTest">
        <test-method is-config="true" signature="beforeTest()[pri:0, instance:com.authentication.LoginTest@4f6ee6e4]" started-at="2022-10-03T02:03:50 IST" name="beforeTest" finished-at="2022-10-03T02:03:52 IST" duration-ms="2003" status="PASS">
          <reporter-output>
          </reporter-output>
        </test-method> <!-- beforeTest -->
        <test-method signature="testLogin()[pri:0, instance:com.authentication.LoginTest@4f6ee6e4]" started-at="2022-10-03T02:03:56 IST" name="testLogin" finished-at="2022-10-03T02:04:06 IST" duration-ms="10400" status="PASS">
          <reporter-output>
          </reporter-output>
        </test-method> <!-- testLogin -->
        <test-method is-config="true" signature="afterTest()[pri:0, instance:com.authentication.LoginTest@4f6ee6e4]" started-at="2022-10-03T02:04:18 IST" name="afterTest" finished-at="2022-10-03T02:04:18 IST" duration-ms="142" status="PASS">
          <reporter-output>
          </reporter-output>
        </test-method> <!-- afterTest -->
      </class> <!-- com.authentication.LoginTest -->
      <class name="com.authentication.RegistrationTest">
        <test-method is-config="true" signature="beforeTest()[pri:0, instance:com.authentication.RegistrationTest@4a94ee4]" started-at="2022-10-03T02:03:52 IST" name="beforeTest" finished-at="2022-10-03T02:03:56 IST" duration-ms="3291" status="PASS">
          <reporter-output>
          </reporter-output>
        </test-method> <!-- beforeTest -->
        <test-method signature="testLogin()[pri:0, instance:com.authentication.RegistrationTest@4a94ee4]" started-at="2022-10-03T02:04:06 IST" name="testLogin" finished-at="2022-10-03T02:04:18 IST" duration-ms="12041" status="PASS">
          <reporter-output>
          </reporter-output>
        </test-method> <!-- testLogin -->
        <test-method is-config="true" signature="afterTest()[pri:0, instance:com.authentication.RegistrationTest@4a94ee4]" started-at="2022-10-03T02:04:18 IST" name="afterTest" finished-at="2022-10-03T02:04:19 IST" duration-ms="270" status="PASS">
          <reporter-output>
          </reporter-output>
        </test-method> <!-- afterTest -->
      </class> <!-- com.authentication.RegistrationTest -->
    </test> <!-- Default test -->
  </suite> <!-- Default suite -->
</testng-results>
